# JRE version: Java(TM) SE Runtime Environment (8.0_291-b10) (build 1.8.0_291-b10)
# Java VM: Java HotSpot(TM) 64-Bit Server VM (25.291-b10 mixed mode windows-amd64 compressed oops)
Heap:
 PSYoungGen      total 100864K, used 80289K [0x00000000d6f00000, 0x00000000df200000, 0x0000000100000000)
  eden space 90112K, 85% used [0x00000000d6f00000,0x00000000db9e39d0,0x00000000dc700000)
  from space 10752K, 33% used [0x00000000dc700000,0x00000000dca84c58,0x00000000dd180000)
  to   space 10752K, 0% used [0x00000000de780000,0x00000000de780000,0x00000000df200000)
 ParOldGen       total 87040K, used 11892K [0x0000000084c00000, 0x000000008a100000, 0x00000000d6f00000)
  object space 87040K, 13% used [0x0000000084c00000,0x000000008579d220,0x000000008a100000)
 Metaspace       used 40027K, capacity 41954K, committed 42072K, reserved 1085440K
  class space    used 5521K, capacity 5969K, committed 6016K, reserved 1048576K
GC Heap History (10 events):
Event: 5.003 GC heap before
{Heap before GC invocations=9 (full 1):
 PSYoungGen      total 57344K, used 53548K [0x00000000d6f00000, 0x00000000dc780000, 0x0000000100000000)
  eden space 47104K, 100% used [0x00000000d6f00000,0x00000000d9d00000,0x00000000d9d00000)
  from space 10240K, 62% used [0x00000000d9d00000,0x00000000da34b1e0,0x00000000da700000)
  to   space 10240K, 0% used [0x00000000dbd80000,0x00000000dbd80000,0x00000000dc780000)
 ParOldGen       total 62976K, used 8706K [0x0000000084c00000, 0x0000000088980000, 0x00000000d6f00000)
  object space 62976K, 13% used [0x0000000084c00000,0x0000000085480ad0,0x0000000088980000)
 Metaspace       used 32798K, capacity 34192K, committed 34304K, reserved 1079296K
  class space    used 4471K, capacity 4808K, committed 4864K, reserved 1048576K
Event: 5.009 GC heap after
Heap after GC invocations=9 (full 1):
 PSYoungGen      total 79360K, used 8332K [0x00000000d6f00000, 0x00000000dc900000, 0x0000000100000000)
  eden space 69120K, 0% used [0x00000000d6f00000,0x00000000d6f00000,0x00000000db280000)
  from space 10240K, 81% used [0x00000000dbd80000,0x00000000dc5a3320,0x00000000dc780000)
  to   space 11264K, 0% used [0x00000000db280000,0x00000000db280000,0x00000000dbd80000)
 ParOldGen       total 62976K, used 8714K [0x0000000084c00000, 0x0000000088980000, 0x00000000d6f00000)
  object space 62976K, 13% used [0x0000000084c00000,0x0000000085482ad0,0x0000000088980000)
 Metaspace       used 32798K, capacity 34192K, committed 34304K, reserved 1079296K
  class space    used 4471K, capacity 4808K, committed 4864K, reserved 1048576K
}
Event: 5.128 GC heap before
{Heap before GC invocations=10 (full 1):
 PSYoungGen      total 79360K, used 38329K [0x00000000d6f00000, 0x00000000dc900000, 0x0000000100000000)
  eden space 69120K, 43% used [0x00000000d6f00000,0x00000000d8c4b338,0x00000000db280000)
  from space 10240K, 81% used [0x00000000dbd80000,0x00000000dc5a3320,0x00000000dc780000)
  to   space 11264K, 0% used [0x00000000db280000,0x00000000db280000,0x00000000dbd80000)
 ParOldGen       total 62976K, used 8714K [0x0000000084c00000, 0x0000000088980000, 0x00000000d6f00000)
  object space 62976K, 13% used [0x0000000084c00000,0x0000000085482ad0,0x0000000088980000)
 Metaspace       used 34008K, capacity 35378K, committed 35416K, reserved 1079296K
  class space    used 4657K, capacity 4969K, committed 4992K, reserved 1048576K
Event: 5.133 GC heap after
Heap after GC invocations=10 (full 1):
 PSYoungGen      total 80384K, used 7089K [0x00000000d6f00000, 0x00000000de300000, 0x0000000100000000)
  eden space 69120K, 0% used [0x00000000d6f00000,0x00000000d6f00000,0x00000000db280000)
  from space 11264K, 62% used [0x00000000db280000,0x00000000db96c728,0x00000000dbd80000)
  to   space 11264K, 0% used [0x00000000dd800000,0x00000000dd800000,0x00000000de300000)
 ParOldGen       total 62976K, used 8714K [0x0000000084c00000, 0x0000000088980000, 0x00000000d6f00000)
  object space 62976K, 13% used [0x0000000084c00000,0x0000000085482ad0,0x0000000088980000)
 Metaspace       used 34008K, capacity 35378K, committed 35416K, reserved 1079296K
  class space    used 4657K, capacity 4969K, committed 4992K, reserved 1048576K
}
Event: 5.133 GC heap before
{Heap before GC invocations=11 (full 2):
 PSYoungGen      total 80384K, used 7089K [0x00000000d6f00000, 0x00000000de300000, 0x0000000100000000)
  eden space 69120K, 0% used [0x00000000d6f00000,0x00000000d6f00000,0x00000000db280000)
  from space 11264K, 62% used [0x00000000db280000,0x00000000db96c728,0x00000000dbd80000)
  to   space 11264K, 0% used [0x00000000dd800000,0x00000000dd800000,0x00000000de300000)
 ParOldGen       total 62976K, used 8714K [0x0000000084c00000, 0x0000000088980000, 0x00000000d6f00000)
  object space 62976K, 13% used [0x0000000084c00000,0x0000000085482ad0,0x0000000088980000)
 Metaspace       used 34008K, capacity 35378K, committed 35416K, reserved 1079296K
  class space    used 4657K, capacity 4969K, committed 4992K, reserved 1048576K
Event: 5.170 GC heap after
Heap after GC invocations=11 (full 2):
 PSYoungGen      total 80384K, used 0K [0x00000000d6f00000, 0x00000000de300000, 0x0000000100000000)
  eden space 69120K, 0% used [0x00000000d6f00000,0x00000000d6f00000,0x00000000db280000)
  from space 11264K, 0% used [0x00000000db280000,0x00000000db280000,0x00000000dbd80000)
  to   space 11264K, 0% used [0x00000000dd800000,0x00000000dd800000,0x00000000de300000)
 ParOldGen       total 87040K, used 11876K [0x0000000084c00000, 0x000000008a100000, 0x00000000d6f00000)
  object space 87040K, 13% used [0x0000000084c00000,0x0000000085799220,0x000000008a100000)
 Metaspace       used 34008K, capacity 35378K, committed 35416K, reserved 1079296K
  class space    used 4657K, capacity 4969K, committed 4992K, reserved 1048576K
}
Event: 11.412 GC heap before
{Heap before GC invocations=12 (full 2):
 PSYoungGen      total 80384K, used 69120K [0x00000000d6f00000, 0x00000000de300000, 0x0000000100000000)
  eden space 69120K, 100% used [0x00000000d6f00000,0x00000000db280000,0x00000000db280000)
  from space 11264K, 0% used [0x00000000db280000,0x00000000db280000,0x00000000dbd80000)
  to   space 11264K, 0% used [0x00000000dd800000,0x00000000dd800000,0x00000000de300000)
 ParOldGen       total 87040K, used 11876K [0x0000000084c00000, 0x000000008a100000, 0x00000000d6f00000)
  object space 87040K, 13% used [0x0000000084c00000,0x0000000085799220,0x000000008a100000)
 Metaspace       used 37727K, capacity 39530K, committed 39768K, reserved 1083392K
  class space    used 5241K, capacity 5635K, committed 5760K, reserved 1048576K
Event: 11.416 GC heap after
Heap after GC invocations=12 (full 2):
 PSYoungGen      total 93696K, used 4037K [0x00000000d6f00000, 0x00000000ddc00000, 0x0000000100000000)
  eden space 89600K, 0% used [0x00000000d6f00000,0x00000000d6f00000,0x00000000dc680000)
  from space 4096K, 98% used [0x00000000dd800000,0x00000000ddbf1490,0x00000000ddc00000)
  to   space 10752K, 0% used [0x00000000dc700000,0x00000000dc700000,0x00000000dd180000)
 ParOldGen       total 87040K, used 11884K [0x0000000084c00000, 0x000000008a100000, 0x00000000d6f00000)
  object space 87040K, 13% used [0x0000000084c00000,0x000000008579b220,0x000000008a100000)
 Metaspace       used 37727K, capacity 39530K, committed 39768K, reserved 1083392K
  class space    used 5241K, capacity 5635K, committed 5760K, reserved 1048576K
}
Event: 18.762 GC heap before
{Heap before GC invocations=13 (full 2):
 PSYoungGen      total 93696K, used 93637K [0x00000000d6f00000, 0x00000000ddc00000, 0x0000000100000000)
  eden space 89600K, 100% used [0x00000000d6f00000,0x00000000dc680000,0x00000000dc680000)
  from space 4096K, 98% used [0x00000000dd800000,0x00000000ddbf1490,0x00000000ddc00000)
  to   space 10752K, 0% used [0x00000000dc700000,0x00000000dc700000,0x00000000dd180000)
 ParOldGen       total 87040K, used 11884K [0x0000000084c00000, 0x000000008a100000, 0x00000000d6f00000)
  object space 87040K, 13% used [0x0000000084c00000,0x000000008579b220,0x000000008a100000)
 Metaspace       used 39797K, capacity 41676K, committed 41816K, reserved 1085440K
  class space    used 5504K, capacity 5928K, committed 6016K, reserved 1048576K
Event: 18.766 GC heap after
Heap after GC invocations=13 (full 2):
 PSYoungGen      total 100864K, used 3603K [0x00000000d6f00000, 0x00000000df200000, 0x0000000100000000)
  eden space 90112K, 0% used [0x00000000d6f00000,0x00000000d6f00000,0x00000000dc700000)
  from space 10752K, 33% used [0x00000000dc700000,0x00000000dca84c58,0x00000000dd180000)
  to   space 10752K, 0% used [0x00000000de780000,0x00000000de780000,0x00000000df200000)
 ParOldGen       total 87040K, used 11892K [0x0000000084c00000, 0x000000008a100000, 0x00000000d6f00000)
  object space 87040K, 13% used [0x0000000084c00000,0x000000008579d220,0x000000008a100000)
 Metaspace       used 39797K, capacity 41676K, committed 41816K, reserved 1085440K
  class space    used 5504K, capacity 5928K, committed 6016K, reserved 1048576K
}

